{
  "name": "email-admin-frontend",
  "version": "1.0.0",
  "private": true,
  "dependencies": {
    "axios": "^1.6.2",
    "react": "^18.2.0",
    "react-dom": "^18.2.0",
    "react-icons": "^4.12.0",
    "react-router-dom": "^6.20.0"
  },
  "scripts": {
    "start": "react-scripts start",
    "build": "react-scripts build",
    "test": "react-scripts test",
    "eject": "react-scripts eject"
  },
  "devDependencies": {
    "@testing-library/dom": "^10.4.1",
    "@testing-library/jest-dom": "^6.9.1",
    "@testing-library/react": "^16.3.2",
    "@testing-library/user-event": "^14.6.1",
    "react-scripts": "5.0.1"
  },
  "eslintConfig": {
    "extends": [
      "react-app"
    ]
  },
  "browserslist": {
    "production": [
      ">0.2%",
      "not dead",
      "not op_mini all"
    ],
    "development": [
      "last 1 chrome version",
      "last 1 firefox version",
      "last 1 safari version"
    ]
  }
}
